2024-12-06 11:17:07,114 - INFO - 
Function: load_and_save_business_entity_data
2024-12-06 11:17:07,126 - INFO - Getting data from https://data.colorado.gov/resource/4ykn-tg5h.json?$query=SELECT%0A%20%20%60entityformdate%60%2C%0A%20%20count(%60entityid%60)%20AS%20%60count_entityid%60%2C%0A%20%20%60principalcity%60%2C%0A%20%20%60entitystatus%60%2C%0A%20%20%60principalzipcode%60%0AGROUP%20BY%0A%20%20%60entityformdate%60%2C%0A%20%20%60principalcity%60%2C%0A%20%20%60entitystatus%60%2C%0A%20%20%60principalzipcode%60%0AORDER%20BY%20%60entityformdate%60%20LIMIT%2010000000
2024-12-06 11:18:00,471 - INFO - Request returned <Response [200]>
2024-12-06 11:18:04,781 - INFO - DataFrame has 2138026 rows
2024-12-06 11:18:04,782 - INFO - Loading data from data/business_entities.parquet
2024-12-06 11:18:06,473 - INFO - 
Function: load_and_save_business_statistics_data
2024-12-06 11:18:06,494 - INFO - Getting data from https://www.census.gov/econ_export/?format=csv&mode=report&default=false&errormode=Dep&charttype=&chartmode=&chartadjn=&submit=GET+DATA&program=BFS&startYear=2004&endYear=2024&categories%5B0%5D=TOTAL&dataType=BA_BA&geoLevel=CO&adjusted=false&notAdjusted=true&errorData=false
2024-12-06 11:18:06,704 - INFO - Request returned <Response [200]>
2024-12-06 11:18:06,708 - INFO - DataFrame has 244 rows
2024-12-06 11:18:06,708 - INFO - Loading data from data/business_statistics.parquet
2024-12-06 11:18:06,712 - INFO - Cleaning business entity data
2024-12-06 11:20:03,414 - INFO - Getting data from https://data.colorado.gov/resource/4ykn-tg5h.json?$query=SELECT%0A%20%20%60entityformdate%60%2C%0A%20%20count(%60entityid%60)%20AS%20%60count_entityid%60%2C%0A%20%20%60principalcity%60%2C%0A%20%20%60entitystatus%60%2C%0A%20%20%60principalzipcode%60%0AGROUP%20BY%0A%20%20%60entityformdate%60%2C%0A%20%20%60principalcity%60%2C%0A%20%20%60entitystatus%60%2C%0A%20%20%60principalzipcode%60%0AORDER%20BY%20%60entityformdate%60%20LIMIT%2010000000
2024-12-06 11:20:46,584 - INFO - Request returned <Response [200]>
2024-12-06 11:20:50,687 - INFO - DataFrame has 2138026 rows
2024-12-06 11:20:50,688 - INFO - Loading data from data/business_entities.parquet
2024-12-06 11:21:34,673 - INFO - Cleaning business entity data
2024-12-06 11:23:12,538 - INFO - Function: load_and_save_business_entity_data
2024-12-06 11:23:12,539 - INFO - Getting data from https://data.colorado.gov/resource/4ykn-tg5h.json?$query=SELECT%0A%20%20%60entityformdate%60%2C%0A%20%20count(%60entityid%60)%20AS%20%60count_entityid%60%2C%0A%20%20%60principalcity%60%2C%0A%20%20%60entitystatus%60%2C%0A%20%20%60principalzipcode%60%0AGROUP%20BY%0A%20%20%60entityformdate%60%2C%0A%20%20%60principalcity%60%2C%0A%20%20%60entitystatus%60%2C%0A%20%20%60principalzipcode%60%0AORDER%20BY%20%60entityformdate%60%20LIMIT%2010000000
2024-12-06 11:23:34,009 - INFO - Request returned <Response [200]>
2024-12-06 11:23:37,594 - INFO - DataFrame has 2138026 rows
2024-12-06 11:23:37,594 - INFO - Loading data from data/business_entities.parquet
2024-12-06 11:23:39,113 - INFO - Function: load_and_save_business_statistics_data
2024-12-06 11:23:39,113 - INFO - Getting data from https://www.census.gov/econ_export/?format=csv&mode=report&default=false&errormode=Dep&charttype=&chartmode=&chartadjn=&submit=GET+DATA&program=BFS&startYear=2004&endYear=2024&categories%5B0%5D=TOTAL&dataType=BA_BA&geoLevel=CO&adjusted=false&notAdjusted=true&errorData=false
2024-12-06 11:23:39,617 - INFO - Request returned <Response [200]>
2024-12-06 11:23:39,621 - INFO - DataFrame has 244 rows
2024-12-06 11:23:39,621 - INFO - Loading data from data/business_statistics.parquet
2024-12-06 11:23:39,628 - INFO - Cleaning business entity data
2024-12-06 11:23:41,511 - INFO - Column [principalcity] has 19932 missing values
2024-12-06 11:23:41,784 - INFO - Column [principalzipcode] has 20235 missing values
2024-12-06 11:23:42,130 - INFO - Loading data from data/business_entities.parquet
