2024-12-06 11:27:25,349 - INFO - Loading data from data/business_entities.parquet
2024-12-06 11:34:04,601 - INFO - Loading data from data/business_statistics.parquet
2024-12-06 11:37:19,888 - INFO - Function: load_and_save_business_entity_data
2024-12-06 11:37:19,888 - INFO - Getting data from https://data.colorado.gov/resource/4ykn-tg5h.json?$query=SELECT%0A%20%20%60entityformdate%60%2C%0A%20%20count(%60entityid%60)%20AS%20%60count_entityid%60%2C%0A%20%20%60principalcity%60%2C%0A%20%20%60entitystatus%60%2C%0A%20%20%60principalzipcode%60%0AGROUP%20BY%0A%20%20%60entityformdate%60%2C%0A%20%20%60principalcity%60%2C%0A%20%20%60entitystatus%60%2C%0A%20%20%60principalzipcode%60%0AORDER%20BY%20%60entityformdate%60%20LIMIT%2010000000
2024-12-06 11:37:44,912 - INFO - Request returned <Response [200]>
2024-12-06 11:37:49,348 - INFO - DataFrame has 2138026 rows
2024-12-06 11:37:49,348 - INFO - Loading data from data/business_entities.parquet
2024-12-06 11:37:50,987 - INFO - Function: load_and_save_business_statistics_data
2024-12-06 11:37:50,988 - INFO - Getting data from https://www.census.gov/econ_export/?format=csv&mode=report&default=false&errormode=Dep&charttype=&chartmode=&chartadjn=&submit=GET+DATA&program=BFS&startYear=2004&endYear=2024&categories%5B0%5D=TOTAL&dataType=BA_BA&geoLevel=CO&adjusted=false&notAdjusted=true&errorData=false
2024-12-06 11:37:51,392 - INFO - Request returned <Response [200]>
2024-12-06 11:37:51,395 - INFO - DataFrame has 244 rows
2024-12-06 11:37:51,395 - INFO - Loading data from data/business_statistics.parquet
2024-12-06 11:37:51,400 - INFO - Functionn: clean_business_entity_data
2024-12-06 11:37:51,400 - INFO - Cleaning business entity data
2024-12-06 11:37:53,641 - INFO - Column [principalcity] has 19932 missing values
2024-12-06 11:37:53,936 - INFO - Column [principalzipcode] has 20235 missing values
2024-12-06 11:37:54,321 - INFO - Function: clean_business_statistics_data
2024-12-06 11:37:54,321 - INFO - Cleaning business statistics data
2024-12-06 11:37:54,342 - INFO - Column [Period] has 0 missing values
2024-12-06 11:37:54,342 - INFO - Column [Value] has 0 missing values
2024-12-06 11:37:54,343 - INFO - Loading data from data/business_entities.parquet
2024-12-06 11:37:55,448 - INFO - Loading data from data/business_statistics.parquet
2024-12-06 11:40:30,619 - INFO - Loading data from data/business_statistics.parquet
2024-12-06 11:40:39,421 - INFO - Function: load_and_save_business_entity_data
2024-12-06 11:40:39,422 - INFO - Getting data from https://data.colorado.gov/resource/4ykn-tg5h.json?$query=SELECT%0A%20%20%60entityformdate%60%2C%0A%20%20count(%60entityid%60)%20AS%20%60count_entityid%60%2C%0A%20%20%60principalcity%60%2C%0A%20%20%60entitystatus%60%2C%0A%20%20%60principalzipcode%60%0AGROUP%20BY%0A%20%20%60entityformdate%60%2C%0A%20%20%60principalcity%60%2C%0A%20%20%60entitystatus%60%2C%0A%20%20%60principalzipcode%60%0AORDER%20BY%20%60entityformdate%60%20LIMIT%2010000000
2024-12-06 11:41:08,112 - INFO - Request returned <Response [200]>
2024-12-06 11:41:12,349 - INFO - DataFrame has 2138026 rows
2024-12-06 11:41:12,349 - INFO - Loading data from data/business_entities.parquet
2024-12-06 11:41:14,012 - INFO - Function: load_and_save_business_statistics_data
2024-12-06 11:41:14,012 - INFO - Getting data from https://www.census.gov/econ_export/?format=csv&mode=report&default=false&errormode=Dep&charttype=&chartmode=&chartadjn=&submit=GET+DATA&program=BFS&startYear=2004&endYear=2024&categories%5B0%5D=TOTAL&dataType=BA_BA&geoLevel=CO&adjusted=false&notAdjusted=true&errorData=false
2024-12-06 11:41:14,334 - INFO - Request returned <Response [200]>
2024-12-06 11:41:14,339 - INFO - DataFrame has 244 rows
2024-12-06 11:41:14,339 - INFO - Loading data from data/business_statistics.parquet
2024-12-06 11:41:14,344 - INFO - Functionn: clean_business_entity_data
2024-12-06 11:41:14,344 - INFO - Cleaning business entity data
2024-12-06 11:41:16,648 - INFO - Column [principalcity] has 19932 missing values
2024-12-06 11:41:16,909 - INFO - Column [principalzipcode] has 20235 missing values
2024-12-06 11:41:17,293 - INFO - Function: clean_business_statistics_data
2024-12-06 11:41:17,293 - INFO - Cleaning business statistics data
2024-12-06 11:41:17,297 - INFO - Column [Period] has 0 missing values
2024-12-06 11:41:17,297 - INFO - Column [Value] has 0 missing values
2024-12-06 11:41:17,297 - INFO - Loading data from data/business_entities.parquet
2024-12-06 11:41:18,373 - INFO - Loading data from data/business_statistics.parquet
2024-12-06 11:42:11,715 - INFO - Loading data from data/business_statistics.parquet
2024-12-06 11:42:34,280 - INFO - Loading data from data/business_statistics.parquet
2024-12-06 11:45:16,970 - INFO - Loading data from data/business_entities.parquet
2024-12-06 13:26:23,500 - INFO - Loading Data
2024-12-06 13:26:23,501 - INFO - Loading data from data/business_entities.parquet
2024-12-06 13:26:24,135 - INFO - Loading data from data/business_statistics.parquet
2024-12-06 13:26:24,150 - INFO - Function: make_main_graph_data
2024-12-06 13:26:26,086 - INFO - Loading data from data/main_graph_data.parquet
2024-12-06 13:26:53,710 - INFO - Loading data from data/main_graph_data.parquet
2024-12-06 13:28:29,769 - INFO - Loading Data
2024-12-06 13:28:29,770 - INFO - Loading data from data/business_entities.parquet
2024-12-06 13:28:30,271 - INFO - Loading data from data/business_statistics.parquet
2024-12-06 13:28:30,274 - INFO - Function: make_main_graph_data
2024-12-06 13:28:31,930 - INFO - Loading data from data/main_graph_data.parquet
2024-12-06 13:28:53,304 - INFO - Loading data from data/main_graph_data.parquet
